Determining if the pthread_create exist failed with the following output:
Change Dir: /home/carla/Documents/AlbertYao/V2X_demo/catkin_ws/build/CMakeFiles/CMakeTmp

Run Build Command:"/usr/bin/make" "cmTC_f7969/fast"
/usr/bin/make -f CMakeFiles/cmTC_f7969.dir/build.make CMakeFiles/cmTC_f7969.dir/build
make[1]: Entering directory '/home/carla/Documents/AlbertYao/V2X_demo/catkin_ws/build/CMakeFiles/CMakeTmp'
Building C object CMakeFiles/cmTC_f7969.dir/CheckSymbolExists.c.o
/usr/bin/cc    -o CMakeFiles/cmTC_f7969.dir/CheckSymbolExists.c.o   -c /home/carla/Documents/AlbertYao/V2X_demo/catkin_ws/build/CMakeFiles/CMakeTmp/CheckSymbolExists.c
Linking C executable cmTC_f7969
/usr/bin/cmake -E cmake_link_script CMakeFiles/cmTC_f7969.dir/link.txt --verbose=1
/usr/bin/cc      -rdynamic CMakeFiles/cmTC_f7969.dir/CheckSymbolExists.c.o  -o cmTC_f7969 
CMakeFiles/cmTC_f7969.dir/CheckSymbolExists.c.o: In function `main':
CheckSymbolExists.c:(.text+0x1b): undefined reference to `pthread_create'
collect2: error: ld returned 1 exit status
CMakeFiles/cmTC_f7969.dir/build.make:97: recipe for target 'cmTC_f7969' failed
make[1]: *** [cmTC_f7969] Error 1
make[1]: Leaving directory '/home/carla/Documents/AlbertYao/V2X_demo/catkin_ws/build/CMakeFiles/CMakeTmp'
Makefile:126: recipe for target 'cmTC_f7969/fast' failed
make: *** [cmTC_f7969/fast] Error 2

File /home/carla/Documents/AlbertYao/V2X_demo/catkin_ws/build/CMakeFiles/CMakeTmp/CheckSymbolExists.c:
/* */
#include <pthread.h>

int main(int argc, char** argv)
{
  (void)argv;
#ifndef pthread_create
  return ((int*)(&pthread_create))[argc];
#else
  (void)argc;
  return 0;
#endif
}

Determining if the function pthread_create exists in the pthreads failed with the following output:
Change Dir: /home/carla/Documents/AlbertYao/V2X_demo/catkin_ws/build/CMakeFiles/CMakeTmp

Run Build Command:"/usr/bin/make" "cmTC_341a8/fast"
/usr/bin/make -f CMakeFiles/cmTC_341a8.dir/build.make CMakeFiles/cmTC_341a8.dir/build
make[1]: Entering directory '/home/carla/Documents/AlbertYao/V2X_demo/catkin_ws/build/CMakeFiles/CMakeTmp'
Building C object CMakeFiles/cmTC_341a8.dir/CheckFunctionExists.c.o
/usr/bin/cc   -DCHECK_FUNCTION_EXISTS=pthread_create   -o CMakeFiles/cmTC_341a8.dir/CheckFunctionExists.c.o   -c /usr/share/cmake-3.10/Modules/CheckFunctionExists.c
Linking C executable cmTC_341a8
/usr/bin/cmake -E cmake_link_script CMakeFiles/cmTC_341a8.dir/link.txt --verbose=1
/usr/bin/cc  -DCHECK_FUNCTION_EXISTS=pthread_create    -rdynamic CMakeFiles/cmTC_341a8.dir/CheckFunctionExists.c.o  -o cmTC_341a8 -lpthreads 
/usr/bin/ld: cannot find -lpthreads
collect2: error: ld returned 1 exit status
CMakeFiles/cmTC_341a8.dir/build.make:97: recipe for target 'cmTC_341a8' failed
make[1]: *** [cmTC_341a8] Error 1
make[1]: Leaving directory '/home/carla/Documents/AlbertYao/V2X_demo/catkin_ws/build/CMakeFiles/CMakeTmp'
Makefile:126: recipe for target 'cmTC_341a8/fast' failed
make: *** [cmTC_341a8/fast] Error 2


Performing C SOURCE FILE Test CMAKE_HAVE_LIBC_PTHREAD failed with the following output:
Change Dir: /home/carla/Documents/AlbertYao/V2X_demo/catkin_ws/build/CMakeFiles/CMakeTmp

Run Build Command(s):/usr/bin/make -f Makefile cmTC_02634/fast && make[1]: Entering directory '/home/carla/Documents/AlbertYao/V2X_demo/catkin_ws/build/CMakeFiles/CMakeTmp'
/usr/bin/make  -f CMakeFiles/cmTC_02634.dir/build.make CMakeFiles/cmTC_02634.dir/build
make[2]: Entering directory '/home/carla/Documents/AlbertYao/V2X_demo/catkin_ws/build/CMakeFiles/CMakeTmp'
Building C object CMakeFiles/cmTC_02634.dir/src.c.o
/usr/bin/cc -DCMAKE_HAVE_LIBC_PTHREAD   -o CMakeFiles/cmTC_02634.dir/src.c.o -c /home/carla/Documents/AlbertYao/V2X_demo/catkin_ws/build/CMakeFiles/CMakeTmp/src.c
Linking C executable cmTC_02634
/usr/local/bin/cmake -E cmake_link_script CMakeFiles/cmTC_02634.dir/link.txt --verbose=1
/usr/bin/cc -rdynamic CMakeFiles/cmTC_02634.dir/src.c.o -o cmTC_02634 
CMakeFiles/cmTC_02634.dir/src.c.o: In function `main':
src.c:(.text+0x3e): undefined reference to `pthread_create'
src.c:(.text+0x4a): undefined reference to `pthread_detach'
src.c:(.text+0x56): undefined reference to `pthread_cancel'
src.c:(.text+0x67): undefined reference to `pthread_join'
src.c:(.text+0x7b): undefined reference to `pthread_atfork'
collect2: error: ld returned 1 exit status
CMakeFiles/cmTC_02634.dir/build.make:98: recipe for target 'cmTC_02634' failed
make[2]: *** [cmTC_02634] Error 1
make[2]: Leaving directory '/home/carla/Documents/AlbertYao/V2X_demo/catkin_ws/build/CMakeFiles/CMakeTmp'
Makefile:127: recipe for target 'cmTC_02634/fast' failed
make[1]: *** [cmTC_02634/fast] Error 2
make[1]: Leaving directory '/home/carla/Documents/AlbertYao/V2X_demo/catkin_ws/build/CMakeFiles/CMakeTmp'


Source file was:
#include <pthread.h>

static void* test_func(void* data)
{
  return data;
}

int main(void)
{
  pthread_t thread;
  pthread_create(&thread, NULL, test_func, NULL);
  pthread_detach(thread);
  pthread_cancel(thread);
  pthread_join(thread, NULL);
  pthread_atfork(NULL, NULL, NULL);
  pthread_exit(NULL);

  return 0;
}

